[18:01:58] [ServerMain/INFO]: [bootstrap] Running Java 21 (OpenJDK 64-Bit Server VM 21.0.7+6-Ubuntu-0ubuntu124.04; Ubuntu null) on Linux 6.8.0-1027-azure (amd64)
[18:01:58] [ServerMain/INFO]: [bootstrap] Loading Paper 1.21-130-master@b1b5d4c (2024-08-10T10:02:42Z) for Minecraft 1.21
[18:01:58] [ServerMain/INFO]: [PluginInitializerManager] Initializing plugins...
[18:01:59] [ServerMain/INFO]: [PluginInitializerManager] Initialized 0 plugins
[18:02:06] [ServerMain/INFO]: Environment: Environment[sessionHost=https://sessionserver.mojang.com, servicesHost=https://api.minecraftservices.com, name=PROD]
[18:02:06] [ServerMain/INFO]: Found new data pack file/bukkit, loading it automatically
[18:02:06] [ServerMain/INFO]: Found new data pack paper, loading it automatically
[18:02:08] [ServerMain/INFO]: No existing world data, creating new world
[18:02:09] [ServerMain/INFO]: Loaded 1290 recipes
[18:02:09] [ServerMain/INFO]: Loaded 1399 advancements
[18:02:09] [Server thread/INFO]: Starting minecraft server version 1.21
[18:02:09] [Server thread/INFO]: Loading properties
[18:02:10] [Server thread/INFO]: This server is running Paper version 1.21-130-master@b1b5d4c (2024-08-10T10:02:42Z) (Implementing API version 1.21-R0.1-SNAPSHOT)
[18:02:11] [Server thread/INFO]: [spark] This server bundles the spark profiler. For more information please visit https://docs.papermc.io/paper/profiling
[18:02:11] [Server thread/INFO]: Using 4 threads for Netty based IO
[18:02:11] [Server thread/INFO]: Server Ping Player Sample Count: 12
[18:02:12] [Server thread/INFO]: [ChunkTaskScheduler] Chunk system is using 1 I/O threads, 1 worker threads, and population gen parallelism of 1 threads
[18:02:12] [Server thread/INFO]: Default game type: SURVIVAL
[18:02:12] [Server thread/INFO]: Generating keypair
[18:02:12] [Server thread/INFO]: Starting Minecraft server on *:25565
[18:02:12] [Server thread/INFO]: Using epoll channel type
[18:02:12] [Server thread/INFO]: Paper: Using libdeflate (Linux x86_64) compression from Velocity.
[18:02:12] [Server thread/INFO]: Paper: Using OpenSSL 3.0.x (Linux x86_64) cipher from Velocity.
[18:02:12] [Server thread/INFO]: Server permissions file permissions.yml is empty, ignoring it
[18:02:12] [Server thread/WARN]: **** SERVER IS RUNNING IN OFFLINE/INSECURE MODE!
[18:02:12] [Server thread/WARN]: The server will make no attempt to authenticate usernames. Beware.
[18:02:12] [Server thread/WARN]: While this makes the game possible to play without internet access, it also opens up the ability for hackers to connect with any username they choose.
[18:02:12] [Server thread/WARN]: To change this, set "online-mode" to "true" in the server.properties file.
[18:02:12] [Server thread/INFO]: Preparing level "world"
[18:02:31] [Server thread/INFO]: Preparing start region for dimension minecraft:overworld
[18:02:42] [Server thread/INFO]: Time elapsed: 11571 ms
[18:02:42] [Server thread/INFO]: Preparing start region for dimension minecraft:the_nether
[18:02:46] [Server thread/INFO]: Time elapsed: 3744 ms
[18:02:46] [Server thread/INFO]: Preparing start region for dimension minecraft:the_end
[18:02:47] [Server thread/INFO]: Time elapsed: 1080 ms
[18:02:47] [Server thread/INFO]: [spark] Starting background profiler...
[18:02:48] [Server thread/INFO]: Done preparing level "world" (35.253s)
[18:02:48] [Server thread/INFO]: Running delayed init tasks
[18:02:48] [Server thread/INFO]: Done (51.253s)! For help, type "help"
[18:02:48] [Server thread/INFO]: Timings Reset
